<?xml version="1.0" encoding="UTF-8"?>
<!-- Generated by org.testng.reporters.JUnitXMLReporter -->
<testsuite ignored="0" hostname="CRED-H1G69S3" failures="1" tests="1" name="Test" time="0.118" errors="0" timestamp="2024-07-25T20:21:10 IST">
  <testcase classname="com.automation.Testcases.Login" name="login" time="0.016">
    <failure type="java.lang.NullPointerException" message="Cannot invoke &amp;quot;org.openqa.selenium.JavascriptExecutor.executeScript(String, Object[])&amp;quot; because &amp;quot;com.automation.Core.Page.driver&amp;quot; is null">
      <![CDATA[java.lang.NullPointerException: Cannot invoke "org.openqa.selenium.JavascriptExecutor.executeScript(String, Object[])" because "com.automation.Core.Page.driver" is null
at com.automation.Core.Page.scrollToElement(Page.java:192)
at com.automation.Core.Page.Type(Page.java:133)
at com.automation.Testcases.Login.login(Login.java:13)
at java.base/java.util.ArrayList.forEach(ArrayList.java:1511)
... Removed 27 stack frames]]>
    </failure>
  </testcase> <!-- login -->
</testsuite> <!-- Test -->
